Using pre-set license
Built from '2021.3/staging' branch; Version is '2021.3.14f1 (eee1884e7226) revision 15655304'; Using compiler version '192829333'; Build Type 'Release'
OS: 'Windows 10  (10.0.19045) 64bit Professional' Language: 'tr' Physical Memory: 16175 MB
BatchMode: 1, IsHumanControllingUs: 0, StartBugReporterOnCrash: 0, Is64bit: 1, IsPro: 1

COMMAND LINE ARGUMENTS:
C:\Program Files\Unity\Hub\Editor\2021.3.14f1\Editor\Unity.exe
-adb2
-batchMode
-noUpm
-name
AssetImportWorker0
-projectPath
C:/Users/umuto/Documents/GitHub/Car_Lot_Clone/Car_Lot_Clone/CarLot-Clone
-logFile
Logs/AssetImportWorker0.log
-srvPort
54913
Successfully changed project path to: C:/Users/umuto/Documents/GitHub/Car_Lot_Clone/Car_Lot_Clone/CarLot-Clone
C:/Users/umuto/Documents/GitHub/Car_Lot_Clone/Car_Lot_Clone/CarLot-Clone
[UnityMemory] Configuration Parameters - Can be set up in boot.config
    "memorysetup-bucket-allocator-granularity=16"
    "memorysetup-bucket-allocator-bucket-count=8"
    "memorysetup-bucket-allocator-block-size=33554432"
    "memorysetup-bucket-allocator-block-count=8"
    "memorysetup-main-allocator-block-size=16777216"
    "memorysetup-thread-allocator-block-size=16777216"
    "memorysetup-gfx-main-allocator-block-size=16777216"
    "memorysetup-gfx-thread-allocator-block-size=16777216"
    "memorysetup-cache-allocator-block-size=4194304"
    "memorysetup-typetree-allocator-block-size=2097152"
    "memorysetup-profiler-bucket-allocator-granularity=16"
    "memorysetup-profiler-bucket-allocator-bucket-count=8"
    "memorysetup-profiler-bucket-allocator-block-size=33554432"
    "memorysetup-profiler-bucket-allocator-block-count=8"
    "memorysetup-profiler-allocator-block-size=16777216"
    "memorysetup-profiler-editor-allocator-block-size=1048576"
    "memorysetup-temp-allocator-size-main=16777216"
    "memorysetup-job-temp-allocator-block-size=2097152"
    "memorysetup-job-temp-allocator-block-size-background=1048576"
    "memorysetup-job-temp-allocator-reduction-small-platforms=262144"
    "memorysetup-temp-allocator-size-background-worker=32768"
    "memorysetup-temp-allocator-size-job-worker=262144"
    "memorysetup-temp-allocator-size-preload-manager=33554432"
    "memorysetup-temp-allocator-size-nav-mesh-worker=65536"
    "memorysetup-temp-allocator-size-audio-worker=65536"
    "memorysetup-temp-allocator-size-cloud-worker=32768"
    "memorysetup-temp-allocator-size-gi-baking-worker=262144"
    "memorysetup-temp-allocator-size-gfx=262144"
Refreshing native plugins compatible for Editor in 61.92 ms, found 3 plugins.
Preloading 0 native plugins for Editor in 0.00 ms.
Initialize engine version: 2021.3.14f1 (eee1884e7226)
[Subsystems] Discovering subsystems at path C:/Program Files/Unity/Hub/Editor/2021.3.14f1/Editor/Data/Resources/UnitySubsystems
[Subsystems] Discovering subsystems at path C:/Users/umuto/Documents/GitHub/Car_Lot_Clone/Car_Lot_Clone/CarLot-Clone/Assets
GfxDevice: creating device client; threaded=0; jobified=0
Direct3D:
    Version:  Direct3D 11.0 [level 11.1]
    Renderer: NVIDIA GeForce RTX 3050 (ID=0x2507)
    Vendor:   NVIDIA
    VRAM:     8056 MB
    Driver:   31.0.15.3623
Initialize mono
Mono path[0] = 'C:/Program Files/Unity/Hub/Editor/2021.3.14f1/Editor/Data/Managed'
Mono path[1] = 'C:/Program Files/Unity/Hub/Editor/2021.3.14f1/Editor/Data/MonoBleedingEdge/lib/mono/unityjit-win32'
Mono config path = 'C:/Program Files/Unity/Hub/Editor/2021.3.14f1/Editor/Data/MonoBleedingEdge/etc'
Using monoOptions --debugger-agent=transport=dt_socket,embedding=1,server=y,suspend=n,address=127.0.0.1:56156
Begin MonoManager ReloadAssembly
Registering precompiled unity dll's ...
Register platform support module: C:/Program Files/Unity/Hub/Editor/2021.3.14f1/Editor/Data/PlaybackEngines/AndroidPlayer/UnityEditor.Android.Extensions.dll
Register platform support module: C:/Program Files/Unity/Hub/Editor/2021.3.14f1/Editor/Data/PlaybackEngines/iOSSupport/UnityEditor.iOS.Extensions.dll
Register platform support module: C:/Program Files/Unity/Hub/Editor/2021.3.14f1/Editor/Data/PlaybackEngines/WindowsStandaloneSupport/UnityEditor.WindowsStandalone.Extensions.dll
Register platform support module: C:/Program Files/Unity/Hub/Editor/2021.3.14f1/Editor/Data/PlaybackEngines/LinuxStandaloneSupport/UnityEditor.LinuxStandalone.Extensions.dll
Registered in 0.010021 seconds.
Native extension for LinuxStandalone target not found
Native extension for WindowsStandalone target not found
[usbmuxd] Start listen thread
[usbmuxd] Listen thread started
Native extension for iOS target not found
Native extension for Android target not found
Refreshing native plugins compatible for Editor in 60.32 ms, found 3 plugins.
Preloading 0 native plugins for Editor in 0.00 ms.
Mono: successfully reloaded assembly
- Completed reload, in  0.574 seconds
Domain Reload Profiling:
	ReloadAssembly (574ms)
		BeginReloadAssembly (65ms)
			ExecutionOrderSort (0ms)
			DisableScriptedObjects (0ms)
			BackupInstance (0ms)
			ReleaseScriptingObjects (0ms)
			CreateAndSetChildDomain (1ms)
		EndReloadAssembly (411ms)
			LoadAssemblies (63ms)
			RebuildTransferFunctionScriptingTraits (0ms)
			SetupTypeCache (86ms)
			ReleaseScriptCaches (0ms)
			RebuildScriptCaches (24ms)
			SetupLoadedEditorAssemblies (253ms)
				LogAssemblyErrors (0ms)
				InitializePlatformSupportModulesInManaged (63ms)
				SetLoadedEditorAssemblies (0ms)
				RefreshPlugins (60ms)
				BeforeProcessingInitializeOnLoad (1ms)
				ProcessInitializeOnLoadAttributes (88ms)
				ProcessInitializeOnLoadMethodAttributes (40ms)
				AfterProcessingInitializeOnLoad (0ms)
				EditorAssembliesLoaded (0ms)
			ExecutionOrderSort2 (0ms)
			AwakeInstancesAfterBackupRestoration (0ms)
Platform modules already initialized, skipping
Registering precompiled user dll's ...
Registered in 0.006141 seconds.
Begin MonoManager ReloadAssembly
Symbol file LoadedFromMemory doesn't match image C:\Users\umuto\Documents\GitHub\Car_Lot_Clone\Car_Lot_Clone\CarLot-Clone\Library\PackageCache\com.unity.visualscripting@1.7.8\Editor\VisualScripting.Core\Dependencies\YamlDotNet\Unity.VisualScripting.YamlDotNet.dll
Symbol file LoadedFromMemory doesn't match image C:\Users\umuto\Documents\GitHub\Car_Lot_Clone\Car_Lot_Clone\CarLot-Clone\Library\PackageCache\com.unity.visualscripting@1.7.8\Editor\VisualScripting.Core\Dependencies\DotNetZip\Unity.VisualScripting.IonicZip.dll
Native extension for LinuxStandalone target not found
Native extension for WindowsStandalone target not found
Native extension for iOS target not found
Native extension for Android target not found
Refreshing native plugins compatible for Editor in 0.56 ms, found 3 plugins.
Preloading 0 native plugins for Editor in 0.00 ms.
Mono: successfully reloaded assembly
- Completed reload, in  0.982 seconds
Domain Reload Profiling:
	ReloadAssembly (983ms)
		BeginReloadAssembly (200ms)
			ExecutionOrderSort (0ms)
			DisableScriptedObjects (5ms)
			BackupInstance (0ms)
			ReleaseScriptingObjects (0ms)
			CreateAndSetChildDomain (119ms)
		EndReloadAssembly (687ms)
			LoadAssemblies (77ms)
			RebuildTransferFunctionScriptingTraits (0ms)
			SetupTypeCache (205ms)
			ReleaseScriptCaches (0ms)
			RebuildScriptCaches (41ms)
			SetupLoadedEditorAssemblies (334ms)
				LogAssemblyErrors (0ms)
				InitializePlatformSupportModulesInManaged (26ms)
				SetLoadedEditorAssemblies (0ms)
				RefreshPlugins (1ms)
				BeforeProcessingInitializeOnLoad (77ms)
				ProcessInitializeOnLoadAttributes (201ms)
				ProcessInitializeOnLoadMethodAttributes (21ms)
				AfterProcessingInitializeOnLoad (8ms)
				EditorAssembliesLoaded (0ms)
			ExecutionOrderSort2 (0ms)
			AwakeInstancesAfterBackupRestoration (5ms)
Platform modules already initialized, skipping
========================================================================
Worker process is ready to serve import requests
Launched and connected shader compiler UnityShaderCompiler.exe after 0.04 seconds
Refreshing native plugins compatible for Editor in 0.69 ms, found 3 plugins.
Preloading 0 native plugins for Editor in 0.00 ms.
Unloading 3354 Unused Serialized files (Serialized files now loaded: 0)
Unloading 25 unused Assets / (56.1 KB). Loaded Objects now: 3815.
Memory consumption went from 115.3 MB to 115.3 MB.
Total: 2.794600 ms (FindLiveObjects: 0.228200 ms CreateObjectMapping: 0.079000 ms MarkObjects: 2.423800 ms  DeleteObjects: 0.062800 ms)

AssetImportParameters requested are different than current active one (requested -> active):
  custom:video-decoder-ogg-theora: a1e56fd34408186e4bbccfd4996cb3dc -> 
  custom:container-muxer-webm: aa71ff27fc2769a1b78a27578f13a17b -> 
  custom:container-demuxer-webm: 4f35f7cbe854078d1ac9338744f61a02 -> 
  custom:video-encoder-webm-vp8: eb34c28f22e8b96e1ab97ce403110664 -> 
  custom:audio-encoder-webm-vorbis: bf7c407c2cedff20999df2af8eb42d56 -> 
  custom:framework-win-MediaFoundation: 216162199b28c13a410421893ffa2e32 -> 
  custom:container-demuxer-ogg: 62fdf1f143b41e24485cea50d1cbac27 -> 
  custom:video-decoder-webm-vp8: 9c59270c3fd7afecdb556c50c9e8de78 -> 
  custom:audio-decoder-ogg-vorbis: bf7c407c2cedff20999df2af8eb42d56 -> 
========================================================================
Received Import Request.
  Time since last request: 53443.346915 seconds.
  path: Assets/greenAI.mat
  artifactKey: Guid(918100c2d7b5dc944a4c68b0d6d1fb51) Importer(815301076,1909f56bfc062723c751e8b465ee728b)
Start importing Assets/greenAI.mat using Guid(918100c2d7b5dc944a4c68b0d6d1fb51) Importer(815301076,1909f56bfc062723c751e8b465ee728b)  -> (artifact id: '322d827a148a7b35c5d5ca6770beb9a8') in 0.272424 seconds 
========================================================================
Received Import Request.
  Time since last request: 2.377351 seconds.
  path: Assets/Scenes
  artifactKey: Guid(6ea315d0fd7389c41b19996891e99ae3) Importer(815301076,1909f56bfc062723c751e8b465ee728b)
Start importing Assets/Scenes using Guid(6ea315d0fd7389c41b19996891e99ae3) Importer(815301076,1909f56bfc062723c751e8b465ee728b)  -> (artifact id: 'bc172811d573b296104adb4d2728db37') in 0.009843 seconds 
========================================================================
Received Import Request.
  Time since last request: 0.853198 seconds.
  path: Assets/Scenes/SampleScene.unity
  artifactKey: Guid(6be0169d187ba594e909aaf2921f32d9) Importer(815301076,1909f56bfc062723c751e8b465ee728b)
Start importing Assets/Scenes/SampleScene.unity using Guid(6be0169d187ba594e909aaf2921f32d9) Importer(815301076,1909f56bfc062723c751e8b465ee728b)  -> (artifact id: 'ee4f8d498c0893d6066a6233dc9486d9') in 0.010380 seconds 
========================================================================
Received Import Request.
  Time since last request: 17.978768 seconds.
  path: Assets/generic-passenger-car-pack/Materials
  artifactKey: Guid(ad4577efd7b35ee45b9ed017e3c793c2) Importer(815301076,1909f56bfc062723c751e8b465ee728b)
Start importing Assets/generic-passenger-car-pack/Materials using Guid(ad4577efd7b35ee45b9ed017e3c793c2) Importer(815301076,1909f56bfc062723c751e8b465ee728b)  -> (artifact id: '414cd8436ccde1937ca0714a7b815378') in 0.010446 seconds 
========================================================================
Received Import Request.
  Time since last request: 0.026953 seconds.
  path: Assets/generic-passenger-car-pack/Materials/Compact_Metallic.mat
  artifactKey: Guid(3c880f1254b9d044eba9877c9b6e7f7d) Importer(815301076,1909f56bfc062723c751e8b465ee728b)
Start importing Assets/generic-passenger-car-pack/Materials/Compact_Metallic.mat using Guid(3c880f1254b9d044eba9877c9b6e7f7d) Importer(815301076,1909f56bfc062723c751e8b465ee728b)  -> (artifact id: '0862882692f89ac71dfdef3910feedde') in 0.018981 seconds 
========================================================================
Received Import Request.
  Time since last request: 0.000036 seconds.
  path: Assets/generic-passenger-car-pack/Materials/WagonBlue.mat
  artifactKey: Guid(843ccb54ebcdb754a8289fa6e7452b23) Importer(815301076,1909f56bfc062723c751e8b465ee728b)
Start importing Assets/generic-passenger-car-pack/Materials/WagonBlue.mat using Guid(843ccb54ebcdb754a8289fa6e7452b23) Importer(815301076,1909f56bfc062723c751e8b465ee728b)  -> (artifact id: '5b0c0c220a89c060b6e7748e2d86fb17') in 0.018296 seconds 
========================================================================
Received Import Request.
  Time since last request: 0.000026 seconds.
  path: Assets/generic-passenger-car-pack/Materials/OffroadGreen.mat
  artifactKey: Guid(f15db2373a26db74bab7f294393de967) Importer(815301076,1909f56bfc062723c751e8b465ee728b)
Start importing Assets/generic-passenger-car-pack/Materials/OffroadGreen.mat using Guid(f15db2373a26db74bab7f294393de967) Importer(815301076,1909f56bfc062723c751e8b465ee728b)  -> (artifact id: 'b13af0255b2dc8c8163851476290eb3a') in 0.042098 seconds 
========================================================================
Received Import Request.
  Time since last request: 0.000020 seconds.
  path: Assets/generic-passenger-car-pack/Materials/Sedan_Metallic.mat
  artifactKey: Guid(596c5ceb21358ca41bb9e91b965ee9b6) Importer(815301076,1909f56bfc062723c751e8b465ee728b)
Start importing Assets/generic-passenger-car-pack/Materials/Sedan_Metallic.mat using Guid(596c5ceb21358ca41bb9e91b965ee9b6) Importer(815301076,1909f56bfc062723c751e8b465ee728b)  -> (artifact id: '59d610c6ba34ffe6100546fea11fecad') in 0.052443 seconds 
========================================================================
Received Import Request.
  Time since last request: 0.000016 seconds.
  path: Assets/generic-passenger-car-pack/Materials/PickupGreen.mat
  artifactKey: Guid(e2b0f907db9794c4a8bbbcb321b417d7) Importer(815301076,1909f56bfc062723c751e8b465ee728b)
Start importing Assets/generic-passenger-car-pack/Materials/PickupGreen.mat using Guid(e2b0f907db9794c4a8bbbcb321b417d7) Importer(815301076,1909f56bfc062723c751e8b465ee728b)  -> (artifact id: '27b2a28ab48e8f59ab0faec7ed4cdcf3') in 0.024868 seconds 
========================================================================
Received Import Request.
  Time since last request: 0.000020 seconds.
  path: Assets/generic-passenger-car-pack/Materials/SportRed.mat
  artifactKey: Guid(6765cbc8987f32e499e41210872bfd22) Importer(815301076,1909f56bfc062723c751e8b465ee728b)
Start importing Assets/generic-passenger-car-pack/Materials/SportRed.mat using Guid(6765cbc8987f32e499e41210872bfd22) Importer(815301076,1909f56bfc062723c751e8b465ee728b)  -> (artifact id: '73f0eca8cd9a748f5ed63b54cb8d843e') in 0.067202 seconds 
========================================================================
Received Import Request.
  Time since last request: 0.000017 seconds.
  path: Assets/generic-passenger-car-pack/Materials/HatchbackYellow.mat
  artifactKey: Guid(6a2281efb52fda54db0943f7567f312a) Importer(815301076,1909f56bfc062723c751e8b465ee728b)
Start importing Assets/generic-passenger-car-pack/Materials/HatchbackYellow.mat using Guid(6a2281efb52fda54db0943f7567f312a) Importer(815301076,1909f56bfc062723c751e8b465ee728b)  -> (artifact id: '362050216a04a44243e87148fa64f0f4') in 0.016432 seconds 
========================================================================
Received Import Request.
  Time since last request: 1.228945 seconds.
  path: Assets/generic-passenger-car-pack/source/fab.fbx
  artifactKey: Guid(f246b6091442e524abc217a28863d4d6) Importer(815301076,1909f56bfc062723c751e8b465ee728b)
Start importing Assets/generic-passenger-car-pack/source/fab.fbx using Guid(f246b6091442e524abc217a28863d4d6) Importer(815301076,1909f56bfc062723c751e8b465ee728b)  -> (artifact id: 'ee4c8644a107da8c4e5b96ae8dc79241') in 0.630554 seconds 
========================================================================
Received Prepare
Registering precompiled user dll's ...
Registered in 0.007073 seconds.
Begin MonoManager ReloadAssembly
Symbol file LoadedFromMemory doesn't match image C:\Users\umuto\Documents\GitHub\Car_Lot_Clone\Car_Lot_Clone\CarLot-Clone\Library\PackageCache\com.unity.visualscripting@1.7.8\Editor\VisualScripting.Core\Dependencies\YamlDotNet\Unity.VisualScripting.YamlDotNet.dll
Symbol file LoadedFromMemory doesn't match image C:\Users\umuto\Documents\GitHub\Car_Lot_Clone\Car_Lot_Clone\CarLot-Clone\Library\PackageCache\com.unity.visualscripting@1.7.8\Editor\VisualScripting.Core\Dependencies\DotNetZip\Unity.VisualScripting.IonicZip.dll
Native extension for LinuxStandalone target not found
Native extension for WindowsStandalone target not found
Native extension for iOS target not found
Native extension for Android target not found
Refreshing native plugins compatible for Editor in 0.61 ms, found 3 plugins.
Preloading 0 native plugins for Editor in 0.00 ms.
Mono: successfully reloaded assembly
- Completed reload, in  1.003 seconds
Domain Reload Profiling:
	ReloadAssembly (1004ms)
		BeginReloadAssembly (131ms)
			ExecutionOrderSort (0ms)
			DisableScriptedObjects (4ms)
			BackupInstance (0ms)
			ReleaseScriptingObjects (0ms)
			CreateAndSetChildDomain (37ms)
		EndReloadAssembly (790ms)
			LoadAssemblies (85ms)
			RebuildTransferFunctionScriptingTraits (0ms)
			SetupTypeCache (252ms)
			ReleaseScriptCaches (1ms)
			RebuildScriptCaches (44ms)
			SetupLoadedEditorAssemblies (363ms)
				LogAssemblyErrors (0ms)
				InitializePlatformSupportModulesInManaged (39ms)
				SetLoadedEditorAssemblies (0ms)
				RefreshPlugins (1ms)
				BeforeProcessingInitializeOnLoad (75ms)
				ProcessInitializeOnLoadAttributes (212ms)
				ProcessInitializeOnLoadMethodAttributes (26ms)
				AfterProcessingInitializeOnLoad (10ms)
				EditorAssembliesLoaded (0ms)
			ExecutionOrderSort2 (0ms)
			AwakeInstancesAfterBackupRestoration (6ms)
Platform modules already initialized, skipping
Refreshing native plugins compatible for Editor in 2.08 ms, found 3 plugins.
Preloading 0 native plugins for Editor in 0.00 ms.
Unloading 3347 Unused Serialized files (Serialized files now loaded: 0)
Unloading 18 unused Assets / (24.8 KB). Loaded Objects now: 3863.
Memory consumption went from 120.0 MB to 119.9 MB.
Total: 3.797700 ms (FindLiveObjects: 0.223400 ms CreateObjectMapping: 0.194700 ms MarkObjects: 3.355200 ms  DeleteObjects: 0.023400 ms)

AssetImportParameters requested are different than current active one (requested -> active):
  custom:video-decoder-ogg-theora: a1e56fd34408186e4bbccfd4996cb3dc -> 
  custom:container-muxer-webm: aa71ff27fc2769a1b78a27578f13a17b -> 
  custom:container-demuxer-webm: 4f35f7cbe854078d1ac9338744f61a02 -> 
  custom:video-encoder-webm-vp8: eb34c28f22e8b96e1ab97ce403110664 -> 
  custom:audio-encoder-webm-vorbis: bf7c407c2cedff20999df2af8eb42d56 -> 
  custom:framework-win-MediaFoundation: 216162199b28c13a410421893ffa2e32 -> 
  custom:container-demuxer-ogg: 62fdf1f143b41e24485cea50d1cbac27 -> 
  custom:video-decoder-webm-vp8: 9c59270c3fd7afecdb556c50c9e8de78 -> 
  custom:audio-decoder-ogg-vorbis: bf7c407c2cedff20999df2af8eb42d56 -> 
========================================================================
Received Import Request.
  Time since last request: 102.385519 seconds.
  path: Assets/Script/money.png
  artifactKey: Guid(a130736d2f26e084d8ce01f88d23eb3f) Importer(815301076,1909f56bfc062723c751e8b465ee728b)
Start importing Assets/Script/money.png using Guid(a130736d2f26e084d8ce01f88d23eb3f) Importer(815301076,1909f56bfc062723c751e8b465ee728b)  -> (artifact id: 'b24c003e64628eb5cf12e853172cac39') in 0.074998 seconds 
========================================================================
Received Prepare
Registering precompiled user dll's ...
Registered in 0.006193 seconds.
Begin MonoManager ReloadAssembly
Symbol file LoadedFromMemory doesn't match image C:\Users\umuto\Documents\GitHub\Car_Lot_Clone\Car_Lot_Clone\CarLot-Clone\Library\PackageCache\com.unity.visualscripting@1.7.8\Editor\VisualScripting.Core\Dependencies\YamlDotNet\Unity.VisualScripting.YamlDotNet.dll
Symbol file LoadedFromMemory doesn't match image C:\Users\umuto\Documents\GitHub\Car_Lot_Clone\Car_Lot_Clone\CarLot-Clone\Library\PackageCache\com.unity.visualscripting@1.7.8\Editor\VisualScripting.Core\Dependencies\DotNetZip\Unity.VisualScripting.IonicZip.dll
Native extension for LinuxStandalone target not found
Native extension for WindowsStandalone target not found
Native extension for iOS target not found
Native extension for Android target not found
Refreshing native plugins compatible for Editor in 0.78 ms, found 3 plugins.
Preloading 0 native plugins for Editor in 0.00 ms.
Mono: successfully reloaded assembly
- Completed reload, in  0.958 seconds
Domain Reload Profiling:
	ReloadAssembly (959ms)
		BeginReloadAssembly (118ms)
			ExecutionOrderSort (0ms)
			DisableScriptedObjects (5ms)
			BackupInstance (0ms)
			ReleaseScriptingObjects (0ms)
			CreateAndSetChildDomain (33ms)
		EndReloadAssembly (748ms)
			LoadAssemblies (72ms)
			RebuildTransferFunctionScriptingTraits (0ms)
			SetupTypeCache (227ms)
			ReleaseScriptCaches (1ms)
			RebuildScriptCaches (43ms)
			SetupLoadedEditorAssemblies (349ms)
				LogAssemblyErrors (0ms)
				InitializePlatformSupportModulesInManaged (38ms)
				SetLoadedEditorAssemblies (0ms)
				RefreshPlugins (1ms)
				BeforeProcessingInitializeOnLoad (70ms)
				ProcessInitializeOnLoadAttributes (205ms)
				ProcessInitializeOnLoadMethodAttributes (25ms)
				AfterProcessingInitializeOnLoad (10ms)
				EditorAssembliesLoaded (0ms)
			ExecutionOrderSort2 (0ms)
			AwakeInstancesAfterBackupRestoration (6ms)
Platform modules already initialized, skipping
Refreshing native plugins compatible for Editor in 2.67 ms, found 3 plugins.
Preloading 0 native plugins for Editor in 0.00 ms.
Unloading 3347 Unused Serialized files (Serialized files now loaded: 0)
Unloading 18 unused Assets / (24.7 KB). Loaded Objects now: 3869.
Memory consumption went from 120.0 MB to 120.0 MB.
Total: 2.724400 ms (FindLiveObjects: 0.243000 ms CreateObjectMapping: 0.171500 ms MarkObjects: 2.289000 ms  DeleteObjects: 0.019900 ms)

AssetImportParameters requested are different than current active one (requested -> active):
  custom:video-decoder-ogg-theora: a1e56fd34408186e4bbccfd4996cb3dc -> 
  custom:container-muxer-webm: aa71ff27fc2769a1b78a27578f13a17b -> 
  custom:container-demuxer-webm: 4f35f7cbe854078d1ac9338744f61a02 -> 
  custom:video-encoder-webm-vp8: eb34c28f22e8b96e1ab97ce403110664 -> 
  custom:audio-encoder-webm-vorbis: bf7c407c2cedff20999df2af8eb42d56 -> 
  custom:framework-win-MediaFoundation: 216162199b28c13a410421893ffa2e32 -> 
  custom:container-demuxer-ogg: 62fdf1f143b41e24485cea50d1cbac27 -> 
  custom:video-decoder-webm-vp8: 9c59270c3fd7afecdb556c50c9e8de78 -> 
  custom:audio-decoder-ogg-vorbis: bf7c407c2cedff20999df2af8eb42d56 -> 
========================================================================
Received Prepare
Registering precompiled user dll's ...
Registered in 0.005629 seconds.
Begin MonoManager ReloadAssembly
Symbol file LoadedFromMemory doesn't match image C:\Users\umuto\Documents\GitHub\Car_Lot_Clone\Car_Lot_Clone\CarLot-Clone\Library\PackageCache\com.unity.visualscripting@1.7.8\Editor\VisualScripting.Core\Dependencies\YamlDotNet\Unity.VisualScripting.YamlDotNet.dll
Symbol file LoadedFromMemory doesn't match image C:\Users\umuto\Documents\GitHub\Car_Lot_Clone\Car_Lot_Clone\CarLot-Clone\Library\PackageCache\com.unity.visualscripting@1.7.8\Editor\VisualScripting.Core\Dependencies\DotNetZip\Unity.VisualScripting.IonicZip.dll
Native extension for LinuxStandalone target not found
Native extension for WindowsStandalone target not found
Native extension for iOS target not found
Native extension for Android target not found
Refreshing native plugins compatible for Editor in 0.74 ms, found 3 plugins.
Preloading 0 native plugins for Editor in 0.00 ms.
Mono: successfully reloaded assembly
- Completed reload, in  0.932 seconds
Domain Reload Profiling:
	ReloadAssembly (933ms)
		BeginReloadAssembly (123ms)
			ExecutionOrderSort (0ms)
			DisableScriptedObjects (5ms)
			BackupInstance (0ms)
			ReleaseScriptingObjects (0ms)
			CreateAndSetChildDomain (35ms)
		EndReloadAssembly (729ms)
			LoadAssemblies (77ms)
			RebuildTransferFunctionScriptingTraits (0ms)
			SetupTypeCache (215ms)
			ReleaseScriptCaches (1ms)
			RebuildScriptCaches (43ms)
			SetupLoadedEditorAssemblies (346ms)
				LogAssemblyErrors (0ms)
				InitializePlatformSupportModulesInManaged (39ms)
				SetLoadedEditorAssemblies (0ms)
				RefreshPlugins (1ms)
				BeforeProcessingInitializeOnLoad (71ms)
				ProcessInitializeOnLoadAttributes (199ms)
				ProcessInitializeOnLoadMethodAttributes (27ms)
				AfterProcessingInitializeOnLoad (10ms)
				EditorAssembliesLoaded (0ms)
			ExecutionOrderSort2 (0ms)
			AwakeInstancesAfterBackupRestoration (5ms)
Platform modules already initialized, skipping
Refreshing native plugins compatible for Editor in 2.22 ms, found 3 plugins.
Preloading 0 native plugins for Editor in 0.00 ms.
Unloading 3347 Unused Serialized files (Serialized files now loaded: 0)
Unloading 18 unused Assets / (24.6 KB). Loaded Objects now: 3872.
Memory consumption went from 120.0 MB to 120.0 MB.
Total: 2.865100 ms (FindLiveObjects: 0.203000 ms CreateObjectMapping: 0.200700 ms MarkObjects: 2.434300 ms  DeleteObjects: 0.026000 ms)

AssetImportParameters requested are different than current active one (requested -> active):
  custom:video-decoder-ogg-theora: a1e56fd34408186e4bbccfd4996cb3dc -> 
  custom:container-muxer-webm: aa71ff27fc2769a1b78a27578f13a17b -> 
  custom:container-demuxer-webm: 4f35f7cbe854078d1ac9338744f61a02 -> 
  custom:video-encoder-webm-vp8: eb34c28f22e8b96e1ab97ce403110664 -> 
  custom:audio-encoder-webm-vorbis: bf7c407c2cedff20999df2af8eb42d56 -> 
  custom:framework-win-MediaFoundation: 216162199b28c13a410421893ffa2e32 -> 
  custom:container-demuxer-ogg: 62fdf1f143b41e24485cea50d1cbac27 -> 
  custom:video-decoder-webm-vp8: 9c59270c3fd7afecdb556c50c9e8de78 -> 
  custom:audio-decoder-ogg-vorbis: bf7c407c2cedff20999df2af8eb42d56 -> 
========================================================================
Received Prepare
Registering precompiled user dll's ...
Registered in 0.005660 seconds.
Begin MonoManager ReloadAssembly
Symbol file LoadedFromMemory doesn't match image C:\Users\umuto\Documents\GitHub\Car_Lot_Clone\Car_Lot_Clone\CarLot-Clone\Library\PackageCache\com.unity.visualscripting@1.7.8\Editor\VisualScripting.Core\Dependencies\YamlDotNet\Unity.VisualScripting.YamlDotNet.dll
Symbol file LoadedFromMemory doesn't match image C:\Users\umuto\Documents\GitHub\Car_Lot_Clone\Car_Lot_Clone\CarLot-Clone\Library\PackageCache\com.unity.visualscripting@1.7.8\Editor\VisualScripting.Core\Dependencies\DotNetZip\Unity.VisualScripting.IonicZip.dll
Native extension for LinuxStandalone target not found
Native extension for WindowsStandalone target not found
Native extension for iOS target not found
Native extension for Android target not found
Refreshing native plugins compatible for Editor in 0.74 ms, found 3 plugins.
Preloading 0 native plugins for Editor in 0.00 ms.
Mono: successfully reloaded assembly
- Completed reload, in  0.964 seconds
Domain Reload Profiling:
	ReloadAssembly (965ms)
		BeginReloadAssembly (121ms)
			ExecutionOrderSort (0ms)
			DisableScriptedObjects (5ms)
			BackupInstance (0ms)
			ReleaseScriptingObjects (0ms)
			CreateAndSetChildDomain (34ms)
		EndReloadAssembly (749ms)
			LoadAssemblies (80ms)
			RebuildTransferFunctionScriptingTraits (0ms)
			SetupTypeCache (235ms)
			ReleaseScriptCaches (1ms)
			RebuildScriptCaches (41ms)
			SetupLoadedEditorAssemblies (346ms)
				LogAssemblyErrors (0ms)
				InitializePlatformSupportModulesInManaged (37ms)
				SetLoadedEditorAssemblies (1ms)
				RefreshPlugins (1ms)
				BeforeProcessingInitializeOnLoad (73ms)
				ProcessInitializeOnLoadAttributes (196ms)
				ProcessInitializeOnLoadMethodAttributes (28ms)
				AfterProcessingInitializeOnLoad (10ms)
				EditorAssembliesLoaded (0ms)
			ExecutionOrderSort2 (0ms)
			AwakeInstancesAfterBackupRestoration (6ms)
Platform modules already initialized, skipping
Refreshing native plugins compatible for Editor in 2.05 ms, found 3 plugins.
Preloading 0 native plugins for Editor in 0.00 ms.
Unloading 3347 Unused Serialized files (Serialized files now loaded: 0)
Unloading 18 unused Assets / (24.6 KB). Loaded Objects now: 3875.
Memory consumption went from 120.0 MB to 120.0 MB.
Total: 3.152200 ms (FindLiveObjects: 0.352100 ms CreateObjectMapping: 0.219600 ms MarkObjects: 2.554700 ms  DeleteObjects: 0.024700 ms)

AssetImportParameters requested are different than current active one (requested -> active):
  custom:video-decoder-ogg-theora: a1e56fd34408186e4bbccfd4996cb3dc -> 
  custom:container-muxer-webm: aa71ff27fc2769a1b78a27578f13a17b -> 
  custom:container-demuxer-webm: 4f35f7cbe854078d1ac9338744f61a02 -> 
  custom:video-encoder-webm-vp8: eb34c28f22e8b96e1ab97ce403110664 -> 
  custom:audio-encoder-webm-vorbis: bf7c407c2cedff20999df2af8eb42d56 -> 
  custom:framework-win-MediaFoundation: 216162199b28c13a410421893ffa2e32 -> 
  custom:container-demuxer-ogg: 62fdf1f143b41e24485cea50d1cbac27 -> 
  custom:video-decoder-webm-vp8: 9c59270c3fd7afecdb556c50c9e8de78 -> 
  custom:audio-decoder-ogg-vorbis: bf7c407c2cedff20999df2af8eb42d56 -> 
========================================================================
Received Import Request.
  Time since last request: 325.198997 seconds.
  path: Assets/generic-passenger-car-pack/textures/CoupeBlue.png
  artifactKey: Guid(fa948c95a2938ce4f9a19960d0a98440) Importer(815301076,1909f56bfc062723c751e8b465ee728b)
Start importing Assets/generic-passenger-car-pack/textures/CoupeBlue.png using Guid(fa948c95a2938ce4f9a19960d0a98440) Importer(815301076,1909f56bfc062723c751e8b465ee728b)  -> (artifact id: 'a31dd1eecd42ad013f0a4449bc039a2e') in 0.060161 seconds 
========================================================================
Received Import Request.
  Time since last request: 0.000019 seconds.
  path: Assets/generic-passenger-car-pack/textures/MinivanRed.png
  artifactKey: Guid(4a580f98e051bd846932451f2e411a63) Importer(815301076,1909f56bfc062723c751e8b465ee728b)
Start importing Assets/generic-passenger-car-pack/textures/MinivanRed.png using Guid(4a580f98e051bd846932451f2e411a63) Importer(815301076,1909f56bfc062723c751e8b465ee728b)  -> (artifact id: 'c09056df9d46fec71095ee2ffac45657') in 0.014873 seconds 
========================================================================
Received Import Request.
  Time since last request: 0.000023 seconds.
  path: Assets/generic-passenger-car-pack/textures/SedanYellow.png
  artifactKey: Guid(f7d2915e2c4bd40489176efa81113796) Importer(815301076,1909f56bfc062723c751e8b465ee728b)
Start importing Assets/generic-passenger-car-pack/textures/SedanYellow.png using Guid(f7d2915e2c4bd40489176efa81113796) Importer(815301076,1909f56bfc062723c751e8b465ee728b)  -> (artifact id: '7e74d7616903c51d057ed8e800bd7f0d') in 0.016178 seconds 
========================================================================
Received Import Request.
  Time since last request: 0.000019 seconds.
  path: Assets/generic-passenger-car-pack/textures/wheel_E_Diffuse.png
  artifactKey: Guid(0b9858511f505e249923bed45e685beb) Importer(815301076,1909f56bfc062723c751e8b465ee728b)
Start importing Assets/generic-passenger-car-pack/textures/wheel_E_Diffuse.png using Guid(0b9858511f505e249923bed45e685beb) Importer(815301076,1909f56bfc062723c751e8b465ee728b)  -> (artifact id: '859c49d4ba76c5351d563cac5b2160f9') in 0.016162 seconds 
========================================================================
Received Import Request.
  Time since last request: 0.000021 seconds.
  path: Assets/generic-passenger-car-pack/textures/wheel_B_Diffuse.png
  artifactKey: Guid(7175598ac9412384d8379fa8abd9ff26) Importer(815301076,1909f56bfc062723c751e8b465ee728b)
Start importing Assets/generic-passenger-car-pack/textures/wheel_B_Diffuse.png using Guid(7175598ac9412384d8379fa8abd9ff26) Importer(815301076,1909f56bfc062723c751e8b465ee728b)  -> (artifact id: 'ecefba70a65efb014d35ae5f4a1dc620') in 0.016626 seconds 
========================================================================
Received Import Request.
  Time since last request: 0.000016 seconds.
  path: Assets/generic-passenger-car-pack/textures/Wheel_A_Diffuse.png
  artifactKey: Guid(cc29bb21dcd11c046a26a72a428a7733) Importer(815301076,1909f56bfc062723c751e8b465ee728b)
Start importing Assets/generic-passenger-car-pack/textures/Wheel_A_Diffuse.png using Guid(cc29bb21dcd11c046a26a72a428a7733) Importer(815301076,1909f56bfc062723c751e8b465ee728b)  -> (artifact id: '2b7f32db99582c6609bd5ccb2240bdd3') in 0.017383 seconds 
========================================================================
Received Import Request.
  Time since last request: 0.000018 seconds.
  path: Assets/generic-passenger-car-pack/textures/PickupGreen.png
  artifactKey: Guid(c70594b2ee1c34042a530d4dc69654ff) Importer(815301076,1909f56bfc062723c751e8b465ee728b)
Start importing Assets/generic-passenger-car-pack/textures/PickupGreen.png using Guid(c70594b2ee1c34042a530d4dc69654ff) Importer(815301076,1909f56bfc062723c751e8b465ee728b)  -> (artifact id: '11c3a243b147a170dd52b8dc8e0a78f7') in 0.016848 seconds 
========================================================================
Received Import Request.
  Time since last request: 0.000017 seconds.
  path: Assets/generic-passenger-car-pack/textures/wheel_H_Diffuse.png
  artifactKey: Guid(2643bd5e60c0ccd45b93e94a2ca9dde6) Importer(815301076,1909f56bfc062723c751e8b465ee728b)
Start importing Assets/generic-passenger-car-pack/textures/wheel_H_Diffuse.png using Guid(2643bd5e60c0ccd45b93e94a2ca9dde6) Importer(815301076,1909f56bfc062723c751e8b465ee728b)  -> (artifact id: '6824c8f74566a0bd7e19c847e6202dee') in 0.016595 seconds 
========================================================================
Received Import Request.
  Time since last request: 0.000040 seconds.
  path: Assets/generic-passenger-car-pack/textures/lights.jpg
  artifactKey: Guid(db943eceaf107554cbbdeb56446cf955) Importer(815301076,1909f56bfc062723c751e8b465ee728b)
Start importing Assets/generic-passenger-car-pack/textures/lights.jpg using Guid(db943eceaf107554cbbdeb56446cf955) Importer(815301076,1909f56bfc062723c751e8b465ee728b)  -> (artifact id: '0cd2c705f868db29acaa3a2d70af5c36') in 0.017633 seconds 
Editor requested this worker to shutdown with reason: Scaling down because of idle timeout
AssetImportWorker is now disconnected from the server
Process exiting
Exiting without the bug reporter. Application will terminate with return code 0